[21:53:18] [main/INFO] (FabricLoader/GameProvider) Loading Minecraft 1.20.1 with Fabric Loader 0.17.2
[21:53:18] [main/INFO] (FabricLoader) Loading 69 mods:
	- fabric-api 0.92.6+1.20.1
	- fabric-api-base 0.4.32+1802ada577
	- fabric-api-lookup-api-v1 1.6.37+1802ada577
	- fabric-biome-api-v1 13.0.14+1802ada577
	- fabric-block-api-v1 1.0.12+1802ada577
	- fabric-block-view-api-v2 1.0.3+924f046a77
	- fabric-blockrenderlayer-v1 1.1.42+1802ada577
	- fabric-client-tags-api-v1 1.1.3+1802ada577
	- fabric-command-api-v1 1.2.35+f71b366f77
	- fabric-command-api-v2 2.2.14+1802ada577
	- fabric-commands-v0 0.2.52+df3654b377
	- fabric-containers-v0 0.1.67+df3654b377
	- fabric-content-registries-v0 4.0.13+1802ada577
	- fabric-convention-tags-v1 1.5.6+1802ada577
	- fabric-crash-report-info-v1 0.2.20+1802ada577
	- fabric-data-attachment-api-v1 1.0.2+de0fd6d177
	- fabric-data-generation-api-v1 12.3.7+1802ada577
	- fabric-dimensions-v1 2.1.55+1802ada577
	- fabric-entity-events-v1 1.6.1+1c78457f77
	- fabric-events-interaction-v0 0.6.5+13a40c6677
	- fabric-events-lifecycle-v0 0.2.64+df3654b377
	- fabric-game-rule-api-v1 1.0.41+1802ada577
	- fabric-gametest-api-v1 1.2.15+1802ada577
	- fabric-item-api-v1 2.1.29+1802ada577
	- fabric-item-group-api-v1 4.0.14+1802ada577
	- fabric-key-binding-api-v1 1.0.38+1802ada577
	- fabric-keybindings-v0 0.2.36+df3654b377
	- fabric-lifecycle-events-v1 2.2.23+1802ada577
	- fabric-loot-api-v2 1.2.3+1802ada577
	- fabric-loot-tables-v1 1.1.47+9e7660c677
	- fabric-message-api-v1 5.1.10+1802ada577
	- fabric-mining-level-api-v1 2.1.52+1802ada577
	- fabric-model-loading-api-v1 1.0.4+1802ada577
	- fabric-models-v0 0.4.3+9386d8a777
	- fabric-networking-api-v1 1.3.14+a158aa0477
	- fabric-networking-v0 0.3.54+df3654b377
	- fabric-object-builder-api-v1 11.1.5+e35120df77
	- fabric-particles-v1 1.1.3+1802ada577
	- fabric-recipe-api-v1 1.0.24+1802ada577
	- fabric-registry-sync-v0 2.3.6+1802ada577
	- fabric-renderer-api-v1 3.2.2+1802ada577
	- fabric-renderer-indigo 1.5.3+85287f9f77
	- fabric-renderer-registries-v1 3.2.47+df3654b377
	- fabric-rendering-data-attachment-v1 0.3.39+92a0d36777
	- fabric-rendering-fluids-v1 3.0.29+1802ada577
	- fabric-rendering-v0 1.1.50+df3654b377
	- fabric-rendering-v1 3.0.9+1802ada577
	- fabric-resource-conditions-api-v1 2.3.9+1802ada577
	- fabric-resource-loader-v0 0.11.12+fb82e9d777
	- fabric-screen-api-v1 2.0.9+1802ada577
	- fabric-screen-handler-api-v1 1.3.33+1802ada577
	- fabric-sound-api-v1 1.0.14+1802ada577
	- fabric-transfer-api-v1 3.3.6+8dd72ea377
	- fabric-transitive-access-wideners-v1 4.3.2+1802ada577
	- fabricloader 0.17.2
	- java 21
	- minecraft 1.20.1
	- mixinextras 0.5.0
	- origins 1.10.0
	   |-- apoli 2.9.0
	   |    |-- additionalentityattributes 1.3.0+1.20.0
	   |    |-- calio 1.11.0
	   |    |-- cardinal-components-base 5.2.1
	   |    |-- cardinal-components-entity 5.2.1
	   |    |-- cloth-config 11.0.99
	   |    |    \-- cloth-basic-math 0.6.1
	   |    \-- playerabilitylib 1.8.0
	   \-- reach-entity-attributes 2.4.0
	- tsukiaddon 1.0-SNAPSHOT
[21:53:22] [main/INFO] (FabricLoader/Mixin) SpongePowered MIXIN Subsystem Version=0.8.7 Source=file:/Users/jason/.gradle/caches/modules-2/files-2.1/net.fabricmc/sponge-mixin/0.16.3+mixin.0.8.7/3e535042688d1265447e52ad86950b7d9678a5fa/sponge-mixin-0.16.3+mixin.0.8.7.jar Service=Knot/Fabric Env=CLIENT
[21:53:22] [main/INFO] (FabricLoader/Mixin) Loaded Fabric development mappings for mixin remapper!
[21:53:22] [main/INFO] (FabricLoader/Mixin) Compatibility level set to JAVA_16
[21:53:22] [main/INFO] (FabricLoader/Mixin) Compatibility level set to JAVA_17
[21:53:23] [main/INFO] (FabricLoader/MixinExtras|Service) Initializing MixinExtras via com.llamalad7.mixinextras.service.MixinExtrasServiceImpl(version=0.5.0).
[21:53:26] [Datafixer Bootstrap/INFO] (Minecraft) 188 Datafixer optimizations took 77 milliseconds
[21:53:27] [Render thread/INFO] (Minecraft) Environment: authHost='https://authserver.mojang.com', accountsHost='https://api.mojang.com', sessionHost='https://sessionserver.mojang.com', servicesHost='https://api.minecraftservices.com', name='PROD'
[21:53:28] [Render thread/ERROR] (Minecraft) Failed to verify authentication
com.mojang.authlib.exceptions.InvalidCredentialsException: Status: 401
	at com.mojang.authlib.exceptions.MinecraftClientHttpException.toAuthenticationException(MinecraftClientHttpException.java:56) ~[authlib-4.0.43.jar:?]
	at com.mojang.authlib.yggdrasil.YggdrasilUserApiService.fetchProperties(YggdrasilUserApiService.java:156) ~[authlib-4.0.43.jar:?]
	at com.mojang.authlib.yggdrasil.YggdrasilUserApiService.<init>(YggdrasilUserApiService.java:55) ~[authlib-4.0.43.jar:?]
	at com.mojang.authlib.yggdrasil.YggdrasilAuthenticationService.createUserApiService(YggdrasilAuthenticationService.java:124) ~[authlib-4.0.43.jar:?]
	at net.minecraft.client.MinecraftClient.createUserApiService(MinecraftClient.java:733) ~[minecraft-merged-02dbe1af95-1.20.1-net.fabricmc.yarn.1_20_1.1.20.1+build.10-v2.jar:?]
	at net.minecraft.client.MinecraftClient.<init>(MinecraftClient.java:442) ~[minecraft-merged-02dbe1af95-1.20.1-net.fabricmc.yarn.1_20_1.1.20.1+build.10-v2.jar:?]
	at net.minecraft.client.main.Main.main(Main.java:211) ~[minecraft-merged-02dbe1af95-1.20.1-net.fabricmc.yarn.1_20_1.1.20.1+build.10-v2.jar:?]
	at net.fabricmc.loader.impl.game.minecraft.MinecraftGameProvider.launch(MinecraftGameProvider.java:506) ~[fabric-loader-0.17.2.jar:?]
	at net.fabricmc.loader.impl.launch.knot.Knot.launch(Knot.java:72) ~[fabric-loader-0.17.2.jar:?]
	at net.fabricmc.loader.impl.launch.knot.KnotClient.main(KnotClient.java:23) ~[fabric-loader-0.17.2.jar:?]
	at net.fabricmc.devlaunchinjector.Main.main(Main.java:86) ~[dev-launch-injector-0.2.1+build.8.jar:?]
Caused by: com.mojang.authlib.exceptions.MinecraftClientHttpException: Status: 401
	at com.mojang.authlib.minecraft.client.MinecraftClient.readInputStream(MinecraftClient.java:85) ~[authlib-4.0.43.jar:?]
	at com.mojang.authlib.minecraft.client.MinecraftClient.get(MinecraftClient.java:48) ~[authlib-4.0.43.jar:?]
	at com.mojang.authlib.yggdrasil.YggdrasilUserApiService.fetchProperties(YggdrasilUserApiService.java:129) ~[authlib-4.0.43.jar:?]
	... 9 more
[21:53:28] [Render thread/INFO] (Minecraft) Setting user: Player325
[21:53:28] [Render thread/INFO] (Origins) Origins 1.10.0 is initializing. Have fun!
[21:53:28] [Render thread/INFO] (Apoli) Apoli 2.9.0 has initialized. Ready to power up your game!
[21:53:28] [Render thread/INFO] (Indigo) [Indigo] Registering Indigo renderer!
[21:53:28] [Render thread/INFO] (Minecraft) Backend library: LWJGL version 3.3.2-snapshot
[21:53:28] [Render thread/INFO] (Minecraft) [STDERR]: [LWJGL] [ThreadLocalUtil] Unsupported JNI version detected, this may result in a crash. Please inform LWJGL developers.
[21:53:30] [Render thread/INFO] (Minecraft) Reloading ResourceManager: vanilla, fabric (reach-entity-attributes, fabric-item-api-v1, fabric-game-rule-api-v1, fabric-loot-tables-v1, origins, fabric-screen-handler-api-v1, fabric-command-api-v2, fabric-events-lifecycle-v0, tsukiaddon, fabric-containers-v0, fabric-recipe-api-v1, fabric-transfer-api-v1, fabric-loot-api-v2, fabric-resource-loader-v0, fabric-screen-api-v1, fabric-networking-api-v1, fabric-particles-v1, cardinal-components-base, fabric-block-view-api-v2, fabric-keybindings-v0, fabric-renderer-api-v1, fabric-transitive-access-wideners-v1, fabric-api, fabric-commands-v0, fabric-object-builder-api-v1, fabric-key-binding-api-v1, fabric-api-lookup-api-v1, cloth-config, fabric-lifecycle-events-v1, calio, fabric-model-loading-api-v1, fabric-sound-api-v1, fabric-gametest-api-v1, additionalentityattributes, fabric-renderer-indigo, fabric-rendering-v1, fabric-events-interaction-v0, fabric-message-api-v1, fabric-registry-sync-v0, fabric-rendering-v0, fabric-blockrenderlayer-v1, fabric-item-group-api-v1, fabric-command-api-v1, fabric-rendering-data-attachment-v1, fabric-rendering-fluids-v1, fabric-biome-api-v1, fabricloader, fabric-data-generation-api-v1, fabric-networking-v0, fabric-client-tags-api-v1, fabric-mining-level-api-v1, cardinal-components-entity, fabric-crash-report-info-v1, fabric-entity-events-v1, fabric-block-api-v1, fabric-data-attachment-api-v1, fabric-renderer-registries-v1, fabric-models-v0, fabric-api-base, fabric-dimensions-v1, fabric-resource-conditions-api-v1, playerabilitylib, fabric-content-registries-v0, fabric-convention-tags-v1, apoli)
[21:53:30] [Worker-Main-7/INFO] (Minecraft) Found unifont_all_no_pua-15.0.06.hex, loading
[21:53:30] [Realms Notification Availability checker #1/INFO] (Minecraft) Could not authorize you against Realms server: java.lang.RuntimeException: Failed to parse into SignedJWT: FabricMC
[21:53:31] [Worker-Main-3/WARN] (Minecraft) Unable to load model: 'tsukiaddon:adamysticus_sword#inventory' referenced from: tsukiaddon:adamysticus_sword#inventory: java.io.FileNotFoundException: tsukiaddon:models/item/adamysticus_sword.json
[21:53:31] [Worker-Main-3/WARN] (Minecraft) Unable to load model: 'tsukiaddon:netherheart_catalyst#inventory' referenced from: tsukiaddon:netherheart_catalyst#inventory: java.io.FileNotFoundException: tsukiaddon:models/item/netherheart_catalyst.json
[21:53:31] [Worker-Main-3/WARN] (Minecraft) Unable to load model: 'tsukiaddon:drevenavatra_sword#inventory' referenced from: tsukiaddon:drevenavatra_sword#inventory: java.io.FileNotFoundException: tsukiaddon:models/item/drevenavatra_sword.json
[21:53:31] [Worker-Main-3/WARN] (Minecraft) Unable to load model: 'tsukiaddon:crystal_of_ascension#inventory' referenced from: tsukiaddon:crystal_of_ascension#inventory: java.io.FileNotFoundException: tsukiaddon:models/item/crystal_of_ascension.json
[21:53:31] [Worker-Main-3/WARN] (Minecraft) Unable to load model: 'tsukiaddon:core_of_iron_flame#inventory' referenced from: tsukiaddon:core_of_iron_flame#inventory: java.io.FileNotFoundException: tsukiaddon:models/item/core_of_iron_flame.json
[21:53:31] [Worker-Main-3/WARN] (Minecraft) Unable to load model: 'tsukiaddon:heart_of_earth#inventory' referenced from: tsukiaddon:heart_of_earth#inventory: java.io.FileNotFoundException: tsukiaddon:models/item/heart_of_earth.json
[21:53:31] [Worker-Main-3/WARN] (Minecraft) Unable to load model: 'tsukiaddon:inferuferreus_sword#inventory' referenced from: tsukiaddon:inferuferreus_sword#inventory: java.io.FileNotFoundException: tsukiaddon:models/item/inferuferreus_sword.json
[21:53:31] [Worker-Main-3/WARN] (Minecraft) Unable to load model: 'tsukiaddon:prokletikamen_sword#inventory' referenced from: tsukiaddon:prokletikamen_sword#inventory: java.io.FileNotFoundException: tsukiaddon:models/item/prokletikamen_sword.json
[21:53:31] [Worker-Main-3/WARN] (Minecraft) Unable to load model: 'tsukiaddon:moartelafoc_sword#inventory' referenced from: tsukiaddon:moartelafoc_sword#inventory: java.io.FileNotFoundException: tsukiaddon:models/item/moartelafoc_sword.json
[21:53:32] [Render thread/WARN] (Minecraft) Missing sound for event: minecraft:item.goat_horn.play
[21:53:32] [Render thread/WARN] (Minecraft) Missing sound for event: minecraft:entity.goat.screaming.horn_break
[21:53:33] [Render thread/INFO] (Minecraft) OpenAL initialized on device Jason’s AirPods
[21:53:33] [Render thread/INFO] (Minecraft) Sound engine started
[21:53:33] [Render thread/INFO] (Minecraft) Created: 1024x512x4 minecraft:textures/atlas/blocks.png-atlas
[21:53:33] [Render thread/INFO] (Minecraft) Created: 256x256x4 minecraft:textures/atlas/signs.png-atlas
[21:53:33] [Render thread/INFO] (Minecraft) Created: 512x512x4 minecraft:textures/atlas/shield_patterns.png-atlas
[21:53:33] [Render thread/INFO] (Minecraft) Created: 512x512x4 minecraft:textures/atlas/banner_patterns.png-atlas
[21:53:33] [Render thread/INFO] (Minecraft) Created: 1024x1024x4 minecraft:textures/atlas/armor_trims.png-atlas
[21:53:33] [Render thread/INFO] (Minecraft) Created: 128x64x4 minecraft:textures/atlas/decorated_pot.png-atlas
[21:53:33] [Render thread/INFO] (Minecraft) Created: 256x256x4 minecraft:textures/atlas/chest.png-atlas
[21:53:33] [Render thread/INFO] (Minecraft) Created: 512x256x4 minecraft:textures/atlas/beds.png-atlas
[21:53:33] [Render thread/INFO] (Minecraft) Created: 512x256x4 minecraft:textures/atlas/shulker_boxes.png-atlas
[21:53:33] [Render thread/WARN] (Minecraft) Shader rendertype_entity_translucent_emissive could not find sampler named Sampler2 in the specified shader program.
[21:53:33] [Render thread/INFO] (Minecraft) Created: 256x256x0 minecraft:textures/atlas/particles.png-atlas
[21:53:33] [Render thread/INFO] (Minecraft) Created: 256x256x0 minecraft:textures/atlas/paintings.png-atlas
[21:53:33] [Render thread/INFO] (Minecraft) Created: 128x128x0 minecraft:textures/atlas/mob_effects.png-atlas
[21:53:44] [Render thread/INFO] (Minecraft) Loaded 7 recipes
[21:53:44] [Render thread/INFO] (Minecraft) Loaded 1273 advancements
[21:53:44] [Render thread/INFO] (Apoli) Finished loading powers from data files. Registry contains 76 powers.
[21:53:44] [Render thread/INFO] (Origins) Finished loading origins from data files. Registry contains 11 origins.
[21:53:44] [Render thread/INFO] (Origins) Trying to read layer file: origins:origin
[21:53:44] [Render thread/INFO] (Origins) Finished loading origin layers from data files. Read 1 layers.
[21:53:44] [Render thread/INFO] (Apoli) Loaded 0 global power sets.
[21:53:45] [Render thread/INFO] (BiomeModificationImpl) Applied 0 biome modifications to 0 of 64 new biomes in 770.9 μs
[21:53:45] [Server thread/INFO] (Minecraft) Starting integrated minecraft server version 1.20.1
[21:53:45] [Server thread/INFO] (Minecraft) Generating keypair
[21:53:47] [Server thread/INFO] (Minecraft) Preparing start region for dimension minecraft:overworld
[21:53:48] [Render thread/INFO] (Minecraft) Preparing spawn area: 0%
[21:53:48] [Render thread/INFO] (Minecraft) Preparing spawn area: 0%
[21:53:48] [Render thread/INFO] (Minecraft) Preparing spawn area: 0%
[21:53:48] [Render thread/INFO] (Minecraft) Preparing spawn area: 0%
[21:53:49] [Render thread/INFO] (Minecraft) Preparing spawn area: 4%
[21:53:49] [Render thread/INFO] (Minecraft) Preparing spawn area: 68%
[21:53:49] [Render thread/INFO] (Minecraft) Time elapsed: 2617 ms
[21:53:49] [Server thread/INFO] (Minecraft) Changing view distance to 12, from 10
[21:53:49] [Server thread/INFO] (Minecraft) Changing simulation distance to 12, from 0
[21:53:50] [Server thread/INFO] (Minecraft) Player325[local:E:5c3bc2ab] logged in with entity id 247 at (23.5, 76.0, -19.5)
[21:53:50] [Server thread/INFO] (Minecraft) Player325 joined the game
[21:53:50] [Render thread/INFO] (Minecraft) Loaded 2 advancements
[21:54:16] [Server thread/INFO] (Minecraft) Saving and pausing game...
[21:54:16] [Server thread/INFO] (Minecraft) Saving chunks for level 'ServerLevel[New World]'/minecraft:overworld
[21:54:16] [Server thread/INFO] (Minecraft) Saving chunks for level 'ServerLevel[New World]'/minecraft:the_nether
[21:54:16] [Server thread/INFO] (Minecraft) Saving chunks for level 'ServerLevel[New World]'/minecraft:the_end
[21:54:26] [Server thread/INFO] (Minecraft) Saving and pausing game...
[21:54:26] [Server thread/INFO] (Minecraft) Saving chunks for level 'ServerLevel[New World]'/minecraft:overworld
[21:54:26] [Server thread/INFO] (Minecraft) Saving chunks for level 'ServerLevel[New World]'/minecraft:the_nether
[21:54:26] [Server thread/INFO] (Minecraft) Saving chunks for level 'ServerLevel[New World]'/minecraft:the_end
[21:54:48] [Server thread/INFO] (Minecraft) Saving and pausing game...
[21:54:48] [Server thread/INFO] (Minecraft) Saving chunks for level 'ServerLevel[New World]'/minecraft:overworld
[21:54:48] [Server thread/INFO] (Minecraft) Saving chunks for level 'ServerLevel[New World]'/minecraft:the_nether
[21:54:48] [Server thread/INFO] (Minecraft) Saving chunks for level 'ServerLevel[New World]'/minecraft:the_end
[21:55:16] [Server thread/INFO] (Minecraft) Saving and pausing game...
[21:55:16] [Server thread/INFO] (Minecraft) Saving chunks for level 'ServerLevel[New World]'/minecraft:overworld
[21:55:16] [Server thread/INFO] (Minecraft) Saving chunks for level 'ServerLevel[New World]'/minecraft:the_nether
[21:55:16] [Server thread/INFO] (Minecraft) Saving chunks for level 'ServerLevel[New World]'/minecraft:the_end
[21:55:41] [Server thread/INFO] (Minecraft) Saving and pausing game...
[21:55:41] [Server thread/INFO] (Minecraft) Saving chunks for level 'ServerLevel[New World]'/minecraft:overworld
[21:55:41] [Server thread/INFO] (Minecraft) Saving chunks for level 'ServerLevel[New World]'/minecraft:the_nether
[21:55:41] [Server thread/INFO] (Minecraft) Saving chunks for level 'ServerLevel[New World]'/minecraft:the_end
[21:56:28] [Server thread/INFO] (Minecraft) Saving and pausing game...
[21:56:29] [Server thread/INFO] (Minecraft) Saving chunks for level 'ServerLevel[New World]'/minecraft:overworld
[21:56:29] [Server thread/INFO] (Minecraft) Saving chunks for level 'ServerLevel[New World]'/minecraft:the_nether
[21:56:29] [Server thread/INFO] (Minecraft) Saving chunks for level 'ServerLevel[New World]'/minecraft:the_end
[21:56:41] [Server thread/INFO] (Minecraft) Saving and pausing game...
[21:56:41] [Server thread/INFO] (Minecraft) Saving chunks for level 'ServerLevel[New World]'/minecraft:overworld
[21:56:41] [Server thread/INFO] (Minecraft) Saving chunks for level 'ServerLevel[New World]'/minecraft:the_nether
[21:56:41] [Server thread/INFO] (Minecraft) Saving chunks for level 'ServerLevel[New World]'/minecraft:the_end
[21:56:45] [Server thread/INFO] (Minecraft) Saving and pausing game...
[21:56:45] [Server thread/INFO] (Minecraft) Saving chunks for level 'ServerLevel[New World]'/minecraft:overworld
[21:56:45] [Server thread/INFO] (Minecraft) Saving chunks for level 'ServerLevel[New World]'/minecraft:the_nether
[21:56:45] [Server thread/INFO] (Minecraft) Saving chunks for level 'ServerLevel[New World]'/minecraft:the_end
[22:34:36] [Render thread/INFO] (Minecraft) Stopping!
[22:34:37] [Server thread/INFO] (Minecraft) Player325 lost connection: Disconnected
[22:34:37] [Server thread/INFO] (Minecraft) Player325 left the game
[22:34:37] [Server thread/INFO] (Minecraft) Stopping singleplayer server as player logged out
[22:34:37] [Server thread/INFO] (Minecraft) Stopping server
[22:34:37] [Server thread/INFO] (Minecraft) Saving players
[22:34:37] [Server thread/INFO] (Minecraft) Saving worlds
[22:34:38] [Server thread/INFO] (Minecraft) Saving chunks for level 'ServerLevel[New World]'/minecraft:overworld
[22:34:39] [Server thread/INFO] (Minecraft) Saving chunks for level 'ServerLevel[New World]'/minecraft:the_nether
[22:34:39] [Server thread/INFO] (Minecraft) Saving chunks for level 'ServerLevel[New World]'/minecraft:the_end
[22:34:39] [Server thread/INFO] (Minecraft) ThreadedAnvilChunkStorage (New World): All chunks are saved
[22:34:39] [Server thread/INFO] (Minecraft) ThreadedAnvilChunkStorage (DIM-1): All chunks are saved
[22:34:39] [Server thread/INFO] (Minecraft) ThreadedAnvilChunkStorage (DIM1): All chunks are saved
[22:34:39] [Server thread/INFO] (Minecraft) ThreadedAnvilChunkStorage: All dimensions are saved
